CRITICAL - 2023-10-26 00:40:13 --> Undefined variable $Validador2
in APPPATH\Views\form.php on line 25.
 1 APPPATH\Views\form.php(25): CodeIgniter\Debug\Exceptions->errorHandler(2, 'Undefined variable $Validador2', 'C:\\xampp\\htdocs\\codel4\\app\\Views\\form.php', 25)
 2 SYSTEMPATH\View\View.php(228): include('C:\\xampp\\htdocs\\codel4\\app\\Views\\form.php')
 3 SYSTEMPATH\View\View.php(231): CodeIgniter\View\View->CodeIgniter\View\{closure}()
 4 SYSTEMPATH\Common.php(1190): CodeIgniter\View\View->render('form', [], true)
 5 APPPATH\Controllers\Home.php(35): view('form', [...])
 6 SYSTEMPATH\CodeIgniter.php(942): App\Controllers\Home->form()
 7 SYSTEMPATH\CodeIgniter.php(502): CodeIgniter\CodeIgniter->runController(Object(App\Controllers\Home))
 8 SYSTEMPATH\CodeIgniter.php(361): CodeIgniter\CodeIgniter->handleRequest(null, Object(Config\Cache), false)
 9 FCPATH\index.php(79): CodeIgniter\CodeIgniter->run()
CRITICAL - 2023-10-26 00:40:18 --> Undefined variable $Validador2
in APPPATH\Views\form.php on line 25.
 1 APPPATH\Views\form.php(25): CodeIgniter\Debug\Exceptions->errorHandler(2, 'Undefined variable $Validador2', 'C:\\xampp\\htdocs\\codel4\\app\\Views\\form.php', 25)
 2 SYSTEMPATH\View\View.php(228): include('C:\\xampp\\htdocs\\codel4\\app\\Views\\form.php')
 3 SYSTEMPATH\View\View.php(231): CodeIgniter\View\View->CodeIgniter\View\{closure}()
 4 SYSTEMPATH\Common.php(1190): CodeIgniter\View\View->render('form', [], true)
 5 APPPATH\Controllers\Home.php(35): view('form', [...])
 6 SYSTEMPATH\CodeIgniter.php(942): App\Controllers\Home->form()
 7 SYSTEMPATH\CodeIgniter.php(502): CodeIgniter\CodeIgniter->runController(Object(App\Controllers\Home))
 8 SYSTEMPATH\CodeIgniter.php(361): CodeIgniter\CodeIgniter->handleRequest(null, Object(Config\Cache), false)
 9 FCPATH\index.php(79): CodeIgniter\CodeIgniter->run()
CRITICAL - 2023-10-26 00:40:25 --> Undefined variable $Validador2
in APPPATH\Views\form.php on line 25.
 1 APPPATH\Views\form.php(25): CodeIgniter\Debug\Exceptions->errorHandler(2, 'Undefined variable $Validador2', 'C:\\xampp\\htdocs\\codel4\\app\\Views\\form.php', 25)
 2 SYSTEMPATH\View\View.php(228): include('C:\\xampp\\htdocs\\codel4\\app\\Views\\form.php')
 3 SYSTEMPATH\View\View.php(231): CodeIgniter\View\View->CodeIgniter\View\{closure}()
 4 SYSTEMPATH\Common.php(1190): CodeIgniter\View\View->render('form', [], true)
 5 APPPATH\Controllers\Home.php(35): view('form', [...])
 6 SYSTEMPATH\CodeIgniter.php(942): App\Controllers\Home->form()
 7 SYSTEMPATH\CodeIgniter.php(502): CodeIgniter\CodeIgniter->runController(Object(App\Controllers\Home))
 8 SYSTEMPATH\CodeIgniter.php(361): CodeIgniter\CodeIgniter->handleRequest(null, Object(Config\Cache), false)
 9 FCPATH\index.php(79): CodeIgniter\CodeIgniter->run()
CRITICAL - 2023-10-26 00:40:49 --> Undefined variable $Validador2
in APPPATH\Views\form.php on line 25.
 1 APPPATH\Views\form.php(25): CodeIgniter\Debug\Exceptions->errorHandler(2, 'Undefined variable $Validador2', 'C:\\xampp\\htdocs\\codel4\\app\\Views\\form.php', 25)
 2 SYSTEMPATH\View\View.php(228): include('C:\\xampp\\htdocs\\codel4\\app\\Views\\form.php')
 3 SYSTEMPATH\View\View.php(231): CodeIgniter\View\View->CodeIgniter\View\{closure}()
 4 SYSTEMPATH\Common.php(1190): CodeIgniter\View\View->render('form', [], true)
 5 APPPATH\Controllers\Home.php(35): view('form', [...])
 6 SYSTEMPATH\CodeIgniter.php(942): App\Controllers\Home->form()
 7 SYSTEMPATH\CodeIgniter.php(502): CodeIgniter\CodeIgniter->runController(Object(App\Controllers\Home))
 8 SYSTEMPATH\CodeIgniter.php(361): CodeIgniter\CodeIgniter->handleRequest(null, Object(Config\Cache), false)
 9 FCPATH\index.php(79): CodeIgniter\CodeIgniter->run()
CRITICAL - 2023-10-26 00:40:50 --> Undefined variable $Validador2
in APPPATH\Views\form.php on line 25.
 1 APPPATH\Views\form.php(25): CodeIgniter\Debug\Exceptions->errorHandler(2, 'Undefined variable $Validador2', 'C:\\xampp\\htdocs\\codel4\\app\\Views\\form.php', 25)
 2 SYSTEMPATH\View\View.php(228): include('C:\\xampp\\htdocs\\codel4\\app\\Views\\form.php')
 3 SYSTEMPATH\View\View.php(231): CodeIgniter\View\View->CodeIgniter\View\{closure}()
 4 SYSTEMPATH\Common.php(1190): CodeIgniter\View\View->render('form', [], true)
 5 APPPATH\Controllers\Home.php(35): view('form', [...])
 6 SYSTEMPATH\CodeIgniter.php(942): App\Controllers\Home->form()
 7 SYSTEMPATH\CodeIgniter.php(502): CodeIgniter\CodeIgniter->runController(Object(App\Controllers\Home))
 8 SYSTEMPATH\CodeIgniter.php(361): CodeIgniter\CodeIgniter->handleRequest(null, Object(Config\Cache), false)
 9 FCPATH\index.php(79): CodeIgniter\CodeIgniter->run()
CRITICAL - 2023-10-26 00:40:50 --> Undefined variable $Validador2
in APPPATH\Views\form.php on line 25.
 1 APPPATH\Views\form.php(25): CodeIgniter\Debug\Exceptions->errorHandler(2, 'Undefined variable $Validador2', 'C:\\xampp\\htdocs\\codel4\\app\\Views\\form.php', 25)
 2 SYSTEMPATH\View\View.php(228): include('C:\\xampp\\htdocs\\codel4\\app\\Views\\form.php')
 3 SYSTEMPATH\View\View.php(231): CodeIgniter\View\View->CodeIgniter\View\{closure}()
 4 SYSTEMPATH\Common.php(1190): CodeIgniter\View\View->render('form', [], true)
 5 APPPATH\Controllers\Home.php(35): view('form', [...])
 6 SYSTEMPATH\CodeIgniter.php(942): App\Controllers\Home->form()
 7 SYSTEMPATH\CodeIgniter.php(502): CodeIgniter\CodeIgniter->runController(Object(App\Controllers\Home))
 8 SYSTEMPATH\CodeIgniter.php(361): CodeIgniter\CodeIgniter->handleRequest(null, Object(Config\Cache), false)
 9 FCPATH\index.php(79): CodeIgniter\CodeIgniter->run()
CRITICAL - 2023-10-26 00:40:50 --> Undefined variable $Validador2
in APPPATH\Views\form.php on line 25.
 1 APPPATH\Views\form.php(25): CodeIgniter\Debug\Exceptions->errorHandler(2, 'Undefined variable $Validador2', 'C:\\xampp\\htdocs\\codel4\\app\\Views\\form.php', 25)
 2 SYSTEMPATH\View\View.php(228): include('C:\\xampp\\htdocs\\codel4\\app\\Views\\form.php')
 3 SYSTEMPATH\View\View.php(231): CodeIgniter\View\View->CodeIgniter\View\{closure}()
 4 SYSTEMPATH\Common.php(1190): CodeIgniter\View\View->render('form', [], true)
 5 APPPATH\Controllers\Home.php(35): view('form', [...])
 6 SYSTEMPATH\CodeIgniter.php(942): App\Controllers\Home->form()
 7 SYSTEMPATH\CodeIgniter.php(502): CodeIgniter\CodeIgniter->runController(Object(App\Controllers\Home))
 8 SYSTEMPATH\CodeIgniter.php(361): CodeIgniter\CodeIgniter->handleRequest(null, Object(Config\Cache), false)
 9 FCPATH\index.php(79): CodeIgniter\CodeIgniter->run()
CRITICAL - 2023-10-26 00:42:01 --> Undefined variable $validador2
in APPPATH\Views\form.php on line 26.
 1 APPPATH\Views\form.php(26): CodeIgniter\Debug\Exceptions->errorHandler(2, 'Undefined variable $validador2', 'C:\\xampp\\htdocs\\codel4\\app\\Views\\form.php', 26)
 2 SYSTEMPATH\View\View.php(228): include('C:\\xampp\\htdocs\\codel4\\app\\Views\\form.php')
 3 SYSTEMPATH\View\View.php(231): CodeIgniter\View\View->CodeIgniter\View\{closure}()
 4 SYSTEMPATH\Common.php(1190): CodeIgniter\View\View->render('form', [], true)
 5 APPPATH\Controllers\Home.php(35): view('form', [...])
 6 SYSTEMPATH\CodeIgniter.php(942): App\Controllers\Home->form()
 7 SYSTEMPATH\CodeIgniter.php(502): CodeIgniter\CodeIgniter->runController(Object(App\Controllers\Home))
 8 SYSTEMPATH\CodeIgniter.php(361): CodeIgniter\CodeIgniter->handleRequest(null, Object(Config\Cache), false)
 9 FCPATH\index.php(79): CodeIgniter\CodeIgniter->run()
CRITICAL - 2023-10-26 00:42:02 --> Undefined variable $validador2
in APPPATH\Views\form.php on line 26.
 1 APPPATH\Views\form.php(26): CodeIgniter\Debug\Exceptions->errorHandler(2, 'Undefined variable $validador2', 'C:\\xampp\\htdocs\\codel4\\app\\Views\\form.php', 26)
 2 SYSTEMPATH\View\View.php(228): include('C:\\xampp\\htdocs\\codel4\\app\\Views\\form.php')
 3 SYSTEMPATH\View\View.php(231): CodeIgniter\View\View->CodeIgniter\View\{closure}()
 4 SYSTEMPATH\Common.php(1190): CodeIgniter\View\View->render('form', [], true)
 5 APPPATH\Controllers\Home.php(35): view('form', [...])
 6 SYSTEMPATH\CodeIgniter.php(942): App\Controllers\Home->form()
 7 SYSTEMPATH\CodeIgniter.php(502): CodeIgniter\CodeIgniter->runController(Object(App\Controllers\Home))
 8 SYSTEMPATH\CodeIgniter.php(361): CodeIgniter\CodeIgniter->handleRequest(null, Object(Config\Cache), false)
 9 FCPATH\index.php(79): CodeIgniter\CodeIgniter->run()
CRITICAL - 2023-10-26 00:42:02 --> Undefined variable $validador2
in APPPATH\Views\form.php on line 26.
 1 APPPATH\Views\form.php(26): CodeIgniter\Debug\Exceptions->errorHandler(2, 'Undefined variable $validador2', 'C:\\xampp\\htdocs\\codel4\\app\\Views\\form.php', 26)
 2 SYSTEMPATH\View\View.php(228): include('C:\\xampp\\htdocs\\codel4\\app\\Views\\form.php')
 3 SYSTEMPATH\View\View.php(231): CodeIgniter\View\View->CodeIgniter\View\{closure}()
 4 SYSTEMPATH\Common.php(1190): CodeIgniter\View\View->render('form', [], true)
 5 APPPATH\Controllers\Home.php(35): view('form', [...])
 6 SYSTEMPATH\CodeIgniter.php(942): App\Controllers\Home->form()
 7 SYSTEMPATH\CodeIgniter.php(502): CodeIgniter\CodeIgniter->runController(Object(App\Controllers\Home))
 8 SYSTEMPATH\CodeIgniter.php(361): CodeIgniter\CodeIgniter->handleRequest(null, Object(Config\Cache), false)
 9 FCPATH\index.php(79): CodeIgniter\CodeIgniter->run()
CRITICAL - 2023-10-26 00:42:02 --> Undefined variable $validador2
in APPPATH\Views\form.php on line 26.
 1 APPPATH\Views\form.php(26): CodeIgniter\Debug\Exceptions->errorHandler(2, 'Undefined variable $validador2', 'C:\\xampp\\htdocs\\codel4\\app\\Views\\form.php', 26)
 2 SYSTEMPATH\View\View.php(228): include('C:\\xampp\\htdocs\\codel4\\app\\Views\\form.php')
 3 SYSTEMPATH\View\View.php(231): CodeIgniter\View\View->CodeIgniter\View\{closure}()
 4 SYSTEMPATH\Common.php(1190): CodeIgniter\View\View->render('form', [], true)
 5 APPPATH\Controllers\Home.php(35): view('form', [...])
 6 SYSTEMPATH\CodeIgniter.php(942): App\Controllers\Home->form()
 7 SYSTEMPATH\CodeIgniter.php(502): CodeIgniter\CodeIgniter->runController(Object(App\Controllers\Home))
 8 SYSTEMPATH\CodeIgniter.php(361): CodeIgniter\CodeIgniter->handleRequest(null, Object(Config\Cache), false)
 9 FCPATH\index.php(79): CodeIgniter\CodeIgniter->run()
CRITICAL - 2023-10-26 00:42:02 --> Undefined variable $validador2
in APPPATH\Views\form.php on line 26.
 1 APPPATH\Views\form.php(26): CodeIgniter\Debug\Exceptions->errorHandler(2, 'Undefined variable $validador2', 'C:\\xampp\\htdocs\\codel4\\app\\Views\\form.php', 26)
 2 SYSTEMPATH\View\View.php(228): include('C:\\xampp\\htdocs\\codel4\\app\\Views\\form.php')
 3 SYSTEMPATH\View\View.php(231): CodeIgniter\View\View->CodeIgniter\View\{closure}()
 4 SYSTEMPATH\Common.php(1190): CodeIgniter\View\View->render('form', [], true)
 5 APPPATH\Controllers\Home.php(35): view('form', [...])
 6 SYSTEMPATH\CodeIgniter.php(942): App\Controllers\Home->form()
 7 SYSTEMPATH\CodeIgniter.php(502): CodeIgniter\CodeIgniter->runController(Object(App\Controllers\Home))
 8 SYSTEMPATH\CodeIgniter.php(361): CodeIgniter\CodeIgniter->handleRequest(null, Object(Config\Cache), false)
 9 FCPATH\index.php(79): CodeIgniter\CodeIgniter->run()
CRITICAL - 2023-10-26 00:42:02 --> Undefined variable $validador2
in APPPATH\Views\form.php on line 26.
 1 APPPATH\Views\form.php(26): CodeIgniter\Debug\Exceptions->errorHandler(2, 'Undefined variable $validador2', 'C:\\xampp\\htdocs\\codel4\\app\\Views\\form.php', 26)
 2 SYSTEMPATH\View\View.php(228): include('C:\\xampp\\htdocs\\codel4\\app\\Views\\form.php')
 3 SYSTEMPATH\View\View.php(231): CodeIgniter\View\View->CodeIgniter\View\{closure}()
 4 SYSTEMPATH\Common.php(1190): CodeIgniter\View\View->render('form', [], true)
 5 APPPATH\Controllers\Home.php(35): view('form', [...])
 6 SYSTEMPATH\CodeIgniter.php(942): App\Controllers\Home->form()
 7 SYSTEMPATH\CodeIgniter.php(502): CodeIgniter\CodeIgniter->runController(Object(App\Controllers\Home))
 8 SYSTEMPATH\CodeIgniter.php(361): CodeIgniter\CodeIgniter->handleRequest(null, Object(Config\Cache), false)
 9 FCPATH\index.php(79): CodeIgniter\CodeIgniter->run()
CRITICAL - 2023-10-26 00:42:36 --> Undefined variable $Validador
in APPPATH\Views\form.php on line 26.
 1 APPPATH\Views\form.php(26): CodeIgniter\Debug\Exceptions->errorHandler(2, 'Undefined variable $Validador', 'C:\\xampp\\htdocs\\codel4\\app\\Views\\form.php', 26)
 2 SYSTEMPATH\View\View.php(228): include('C:\\xampp\\htdocs\\codel4\\app\\Views\\form.php')
 3 SYSTEMPATH\View\View.php(231): CodeIgniter\View\View->CodeIgniter\View\{closure}()
 4 SYSTEMPATH\Common.php(1190): CodeIgniter\View\View->render('form', [], true)
 5 APPPATH\Controllers\Home.php(35): view('form', [...])
 6 SYSTEMPATH\CodeIgniter.php(942): App\Controllers\Home->form()
 7 SYSTEMPATH\CodeIgniter.php(502): CodeIgniter\CodeIgniter->runController(Object(App\Controllers\Home))
 8 SYSTEMPATH\CodeIgniter.php(361): CodeIgniter\CodeIgniter->handleRequest(null, Object(Config\Cache), false)
 9 FCPATH\index.php(79): CodeIgniter\CodeIgniter->run()
CRITICAL - 2023-10-26 00:42:37 --> Undefined variable $Validador
in APPPATH\Views\form.php on line 26.
 1 APPPATH\Views\form.php(26): CodeIgniter\Debug\Exceptions->errorHandler(2, 'Undefined variable $Validador', 'C:\\xampp\\htdocs\\codel4\\app\\Views\\form.php', 26)
 2 SYSTEMPATH\View\View.php(228): include('C:\\xampp\\htdocs\\codel4\\app\\Views\\form.php')
 3 SYSTEMPATH\View\View.php(231): CodeIgniter\View\View->CodeIgniter\View\{closure}()
 4 SYSTEMPATH\Common.php(1190): CodeIgniter\View\View->render('form', [], true)
 5 APPPATH\Controllers\Home.php(35): view('form', [...])
 6 SYSTEMPATH\CodeIgniter.php(942): App\Controllers\Home->form()
 7 SYSTEMPATH\CodeIgniter.php(502): CodeIgniter\CodeIgniter->runController(Object(App\Controllers\Home))
 8 SYSTEMPATH\CodeIgniter.php(361): CodeIgniter\CodeIgniter->handleRequest(null, Object(Config\Cache), false)
 9 FCPATH\index.php(79): CodeIgniter\CodeIgniter->run()
CRITICAL - 2023-10-26 00:42:37 --> Undefined variable $Validador
in APPPATH\Views\form.php on line 26.
 1 APPPATH\Views\form.php(26): CodeIgniter\Debug\Exceptions->errorHandler(2, 'Undefined variable $Validador', 'C:\\xampp\\htdocs\\codel4\\app\\Views\\form.php', 26)
 2 SYSTEMPATH\View\View.php(228): include('C:\\xampp\\htdocs\\codel4\\app\\Views\\form.php')
 3 SYSTEMPATH\View\View.php(231): CodeIgniter\View\View->CodeIgniter\View\{closure}()
 4 SYSTEMPATH\Common.php(1190): CodeIgniter\View\View->render('form', [], true)
 5 APPPATH\Controllers\Home.php(35): view('form', [...])
 6 SYSTEMPATH\CodeIgniter.php(942): App\Controllers\Home->form()
 7 SYSTEMPATH\CodeIgniter.php(502): CodeIgniter\CodeIgniter->runController(Object(App\Controllers\Home))
 8 SYSTEMPATH\CodeIgniter.php(361): CodeIgniter\CodeIgniter->handleRequest(null, Object(Config\Cache), false)
 9 FCPATH\index.php(79): CodeIgniter\CodeIgniter->run()
CRITICAL - 2023-10-26 00:42:37 --> Undefined variable $Validador
in APPPATH\Views\form.php on line 26.
 1 APPPATH\Views\form.php(26): CodeIgniter\Debug\Exceptions->errorHandler(2, 'Undefined variable $Validador', 'C:\\xampp\\htdocs\\codel4\\app\\Views\\form.php', 26)
 2 SYSTEMPATH\View\View.php(228): include('C:\\xampp\\htdocs\\codel4\\app\\Views\\form.php')
 3 SYSTEMPATH\View\View.php(231): CodeIgniter\View\View->CodeIgniter\View\{closure}()
 4 SYSTEMPATH\Common.php(1190): CodeIgniter\View\View->render('form', [], true)
 5 APPPATH\Controllers\Home.php(35): view('form', [...])
 6 SYSTEMPATH\CodeIgniter.php(942): App\Controllers\Home->form()
 7 SYSTEMPATH\CodeIgniter.php(502): CodeIgniter\CodeIgniter->runController(Object(App\Controllers\Home))
 8 SYSTEMPATH\CodeIgniter.php(361): CodeIgniter\CodeIgniter->handleRequest(null, Object(Config\Cache), false)
 9 FCPATH\index.php(79): CodeIgniter\CodeIgniter->run()
CRITICAL - 2023-10-26 00:42:42 --> Undefined variable $Validador
in APPPATH\Views\form.php on line 26.
 1 APPPATH\Views\form.php(26): CodeIgniter\Debug\Exceptions->errorHandler(2, 'Undefined variable $Validador', 'C:\\xampp\\htdocs\\codel4\\app\\Views\\form.php', 26)
 2 SYSTEMPATH\View\View.php(228): include('C:\\xampp\\htdocs\\codel4\\app\\Views\\form.php')
 3 SYSTEMPATH\View\View.php(231): CodeIgniter\View\View->CodeIgniter\View\{closure}()
 4 SYSTEMPATH\Common.php(1190): CodeIgniter\View\View->render('form', [], true)
 5 APPPATH\Controllers\Home.php(35): view('form', [...])
 6 SYSTEMPATH\CodeIgniter.php(942): App\Controllers\Home->form()
 7 SYSTEMPATH\CodeIgniter.php(502): CodeIgniter\CodeIgniter->runController(Object(App\Controllers\Home))
 8 SYSTEMPATH\CodeIgniter.php(361): CodeIgniter\CodeIgniter->handleRequest(null, Object(Config\Cache), false)
 9 FCPATH\index.php(79): CodeIgniter\CodeIgniter->run()
CRITICAL - 2023-10-26 00:42:43 --> Undefined variable $validador
in APPPATH\Views\form.php on line 26.
 1 APPPATH\Views\form.php(26): CodeIgniter\Debug\Exceptions->errorHandler(2, 'Undefined variable $validador', 'C:\\xampp\\htdocs\\codel4\\app\\Views\\form.php', 26)
 2 SYSTEMPATH\View\View.php(228): include('C:\\xampp\\htdocs\\codel4\\app\\Views\\form.php')
 3 SYSTEMPATH\View\View.php(231): CodeIgniter\View\View->CodeIgniter\View\{closure}()
 4 SYSTEMPATH\Common.php(1190): CodeIgniter\View\View->render('form', [], true)
 5 APPPATH\Controllers\Home.php(35): view('form', [...])
 6 SYSTEMPATH\CodeIgniter.php(942): App\Controllers\Home->form()
 7 SYSTEMPATH\CodeIgniter.php(502): CodeIgniter\CodeIgniter->runController(Object(App\Controllers\Home))
 8 SYSTEMPATH\CodeIgniter.php(361): CodeIgniter\CodeIgniter->handleRequest(null, Object(Config\Cache), false)
 9 FCPATH\index.php(79): CodeIgniter\CodeIgniter->run()
CRITICAL - 2023-10-26 00:42:43 --> Undefined variable $validador
in APPPATH\Views\form.php on line 26.
 1 APPPATH\Views\form.php(26): CodeIgniter\Debug\Exceptions->errorHandler(2, 'Undefined variable $validador', 'C:\\xampp\\htdocs\\codel4\\app\\Views\\form.php', 26)
 2 SYSTEMPATH\View\View.php(228): include('C:\\xampp\\htdocs\\codel4\\app\\Views\\form.php')
 3 SYSTEMPATH\View\View.php(231): CodeIgniter\View\View->CodeIgniter\View\{closure}()
 4 SYSTEMPATH\Common.php(1190): CodeIgniter\View\View->render('form', [], true)
 5 APPPATH\Controllers\Home.php(35): view('form', [...])
 6 SYSTEMPATH\CodeIgniter.php(942): App\Controllers\Home->form()
 7 SYSTEMPATH\CodeIgniter.php(502): CodeIgniter\CodeIgniter->runController(Object(App\Controllers\Home))
 8 SYSTEMPATH\CodeIgniter.php(361): CodeIgniter\CodeIgniter->handleRequest(null, Object(Config\Cache), false)
 9 FCPATH\index.php(79): CodeIgniter\CodeIgniter->run()
CRITICAL - 2023-10-26 00:42:43 --> Undefined variable $validador
in APPPATH\Views\form.php on line 26.
 1 APPPATH\Views\form.php(26): CodeIgniter\Debug\Exceptions->errorHandler(2, 'Undefined variable $validador', 'C:\\xampp\\htdocs\\codel4\\app\\Views\\form.php', 26)
 2 SYSTEMPATH\View\View.php(228): include('C:\\xampp\\htdocs\\codel4\\app\\Views\\form.php')
 3 SYSTEMPATH\View\View.php(231): CodeIgniter\View\View->CodeIgniter\View\{closure}()
 4 SYSTEMPATH\Common.php(1190): CodeIgniter\View\View->render('form', [], true)
 5 APPPATH\Controllers\Home.php(35): view('form', [...])
 6 SYSTEMPATH\CodeIgniter.php(942): App\Controllers\Home->form()
 7 SYSTEMPATH\CodeIgniter.php(502): CodeIgniter\CodeIgniter->runController(Object(App\Controllers\Home))
 8 SYSTEMPATH\CodeIgniter.php(361): CodeIgniter\CodeIgniter->handleRequest(null, Object(Config\Cache), false)
 9 FCPATH\index.php(79): CodeIgniter\CodeIgniter->run()
CRITICAL - 2023-10-26 00:42:43 --> Undefined variable $validador
in APPPATH\Views\form.php on line 26.
 1 APPPATH\Views\form.php(26): CodeIgniter\Debug\Exceptions->errorHandler(2, 'Undefined variable $validador', 'C:\\xampp\\htdocs\\codel4\\app\\Views\\form.php', 26)
 2 SYSTEMPATH\View\View.php(228): include('C:\\xampp\\htdocs\\codel4\\app\\Views\\form.php')
 3 SYSTEMPATH\View\View.php(231): CodeIgniter\View\View->CodeIgniter\View\{closure}()
 4 SYSTEMPATH\Common.php(1190): CodeIgniter\View\View->render('form', [], true)
 5 APPPATH\Controllers\Home.php(35): view('form', [...])
 6 SYSTEMPATH\CodeIgniter.php(942): App\Controllers\Home->form()
 7 SYSTEMPATH\CodeIgniter.php(502): CodeIgniter\CodeIgniter->runController(Object(App\Controllers\Home))
 8 SYSTEMPATH\CodeIgniter.php(361): CodeIgniter\CodeIgniter->handleRequest(null, Object(Config\Cache), false)
 9 FCPATH\index.php(79): CodeIgniter\CodeIgniter->run()
CRITICAL - 2023-10-26 00:43:08 --> Undefined variable $validador2
in APPPATH\Views\form.php on line 26.
 1 APPPATH\Views\form.php(26): CodeIgniter\Debug\Exceptions->errorHandler(2, 'Undefined variable $validador2', 'C:\\xampp\\htdocs\\codel4\\app\\Views\\form.php', 26)
 2 SYSTEMPATH\View\View.php(228): include('C:\\xampp\\htdocs\\codel4\\app\\Views\\form.php')
 3 SYSTEMPATH\View\View.php(231): CodeIgniter\View\View->CodeIgniter\View\{closure}()
 4 SYSTEMPATH\Common.php(1190): CodeIgniter\View\View->render('form', [], true)
 5 APPPATH\Controllers\Home.php(35): view('form', [...])
 6 SYSTEMPATH\CodeIgniter.php(942): App\Controllers\Home->form()
 7 SYSTEMPATH\CodeIgniter.php(502): CodeIgniter\CodeIgniter->runController(Object(App\Controllers\Home))
 8 SYSTEMPATH\CodeIgniter.php(361): CodeIgniter\CodeIgniter->handleRequest(null, Object(Config\Cache), false)
 9 FCPATH\index.php(79): CodeIgniter\CodeIgniter->run()
CRITICAL - 2023-10-26 00:43:13 --> Undefined variable $validador2
in APPPATH\Views\form.php on line 26.
 1 APPPATH\Views\form.php(26): CodeIgniter\Debug\Exceptions->errorHandler(2, 'Undefined variable $validador2', 'C:\\xampp\\htdocs\\codel4\\app\\Views\\form.php', 26)
 2 SYSTEMPATH\View\View.php(228): include('C:\\xampp\\htdocs\\codel4\\app\\Views\\form.php')
 3 SYSTEMPATH\View\View.php(231): CodeIgniter\View\View->CodeIgniter\View\{closure}()
 4 SYSTEMPATH\Common.php(1190): CodeIgniter\View\View->render('form', [], true)
 5 APPPATH\Controllers\Home.php(35): view('form', [...])
 6 SYSTEMPATH\CodeIgniter.php(942): App\Controllers\Home->form()
 7 SYSTEMPATH\CodeIgniter.php(502): CodeIgniter\CodeIgniter->runController(Object(App\Controllers\Home))
 8 SYSTEMPATH\CodeIgniter.php(361): CodeIgniter\CodeIgniter->handleRequest(null, Object(Config\Cache), false)
 9 FCPATH\index.php(79): CodeIgniter\CodeIgniter->run()
CRITICAL - 2023-10-26 00:43:27 --> Undefined variable $validador
in APPPATH\Views\form.php on line 26.
 1 APPPATH\Views\form.php(26): CodeIgniter\Debug\Exceptions->errorHandler(2, 'Undefined variable $validador', 'C:\\xampp\\htdocs\\codel4\\app\\Views\\form.php', 26)
 2 SYSTEMPATH\View\View.php(228): include('C:\\xampp\\htdocs\\codel4\\app\\Views\\form.php')
 3 SYSTEMPATH\View\View.php(231): CodeIgniter\View\View->CodeIgniter\View\{closure}()
 4 SYSTEMPATH\Common.php(1190): CodeIgniter\View\View->render('form', [], true)
 5 APPPATH\Controllers\Home.php(35): view('form', [...])
 6 SYSTEMPATH\CodeIgniter.php(942): App\Controllers\Home->form()
 7 SYSTEMPATH\CodeIgniter.php(502): CodeIgniter\CodeIgniter->runController(Object(App\Controllers\Home))
 8 SYSTEMPATH\CodeIgniter.php(361): CodeIgniter\CodeIgniter->handleRequest(null, Object(Config\Cache), false)
 9 FCPATH\index.php(79): CodeIgniter\CodeIgniter->run()
CRITICAL - 2023-10-26 00:43:28 --> Undefined variable $validador
in APPPATH\Views\form.php on line 26.
 1 APPPATH\Views\form.php(26): CodeIgniter\Debug\Exceptions->errorHandler(2, 'Undefined variable $validador', 'C:\\xampp\\htdocs\\codel4\\app\\Views\\form.php', 26)
 2 SYSTEMPATH\View\View.php(228): include('C:\\xampp\\htdocs\\codel4\\app\\Views\\form.php')
 3 SYSTEMPATH\View\View.php(231): CodeIgniter\View\View->CodeIgniter\View\{closure}()
 4 SYSTEMPATH\Common.php(1190): CodeIgniter\View\View->render('form', [], true)
 5 APPPATH\Controllers\Home.php(35): view('form', [...])
 6 SYSTEMPATH\CodeIgniter.php(942): App\Controllers\Home->form()
 7 SYSTEMPATH\CodeIgniter.php(502): CodeIgniter\CodeIgniter->runController(Object(App\Controllers\Home))
 8 SYSTEMPATH\CodeIgniter.php(361): CodeIgniter\CodeIgniter->handleRequest(null, Object(Config\Cache), false)
 9 FCPATH\index.php(79): CodeIgniter\CodeIgniter->run()
CRITICAL - 2023-10-26 00:43:28 --> Undefined variable $validador
in APPPATH\Views\form.php on line 26.
 1 APPPATH\Views\form.php(26): CodeIgniter\Debug\Exceptions->errorHandler(2, 'Undefined variable $validador', 'C:\\xampp\\htdocs\\codel4\\app\\Views\\form.php', 26)
 2 SYSTEMPATH\View\View.php(228): include('C:\\xampp\\htdocs\\codel4\\app\\Views\\form.php')
 3 SYSTEMPATH\View\View.php(231): CodeIgniter\View\View->CodeIgniter\View\{closure}()
 4 SYSTEMPATH\Common.php(1190): CodeIgniter\View\View->render('form', [], true)
 5 APPPATH\Controllers\Home.php(35): view('form', [...])
 6 SYSTEMPATH\CodeIgniter.php(942): App\Controllers\Home->form()
 7 SYSTEMPATH\CodeIgniter.php(502): CodeIgniter\CodeIgniter->runController(Object(App\Controllers\Home))
 8 SYSTEMPATH\CodeIgniter.php(361): CodeIgniter\CodeIgniter->handleRequest(null, Object(Config\Cache), false)
 9 FCPATH\index.php(79): CodeIgniter\CodeIgniter->run()
CRITICAL - 2023-10-26 00:43:53 --> Undefined variable $validador
in APPPATH\Views\form.php on line 26.
 1 APPPATH\Views\form.php(26): CodeIgniter\Debug\Exceptions->errorHandler(2, 'Undefined variable $validador', 'C:\\xampp\\htdocs\\codel4\\app\\Views\\form.php', 26)
 2 SYSTEMPATH\View\View.php(228): include('C:\\xampp\\htdocs\\codel4\\app\\Views\\form.php')
 3 SYSTEMPATH\View\View.php(231): CodeIgniter\View\View->CodeIgniter\View\{closure}()
 4 SYSTEMPATH\Common.php(1190): CodeIgniter\View\View->render('form', [], true)
 5 APPPATH\Controllers\Home.php(35): view('form', [...])
 6 SYSTEMPATH\CodeIgniter.php(942): App\Controllers\Home->form()
 7 SYSTEMPATH\CodeIgniter.php(502): CodeIgniter\CodeIgniter->runController(Object(App\Controllers\Home))
 8 SYSTEMPATH\CodeIgniter.php(361): CodeIgniter\CodeIgniter->handleRequest(null, Object(Config\Cache), false)
 9 FCPATH\index.php(79): CodeIgniter\CodeIgniter->run()
CRITICAL - 2023-10-26 00:43:53 --> Undefined variable $validador
in APPPATH\Views\form.php on line 26.
 1 APPPATH\Views\form.php(26): CodeIgniter\Debug\Exceptions->errorHandler(2, 'Undefined variable $validador', 'C:\\xampp\\htdocs\\codel4\\app\\Views\\form.php', 26)
 2 SYSTEMPATH\View\View.php(228): include('C:\\xampp\\htdocs\\codel4\\app\\Views\\form.php')
 3 SYSTEMPATH\View\View.php(231): CodeIgniter\View\View->CodeIgniter\View\{closure}()
 4 SYSTEMPATH\Common.php(1190): CodeIgniter\View\View->render('form', [], true)
 5 APPPATH\Controllers\Home.php(35): view('form', [...])
 6 SYSTEMPATH\CodeIgniter.php(942): App\Controllers\Home->form()
 7 SYSTEMPATH\CodeIgniter.php(502): CodeIgniter\CodeIgniter->runController(Object(App\Controllers\Home))
 8 SYSTEMPATH\CodeIgniter.php(361): CodeIgniter\CodeIgniter->handleRequest(null, Object(Config\Cache), false)
 9 FCPATH\index.php(79): CodeIgniter\CodeIgniter->run()
CRITICAL - 2023-10-26 00:43:54 --> Undefined variable $validador
in APPPATH\Views\form.php on line 26.
 1 APPPATH\Views\form.php(26): CodeIgniter\Debug\Exceptions->errorHandler(2, 'Undefined variable $validador', 'C:\\xampp\\htdocs\\codel4\\app\\Views\\form.php', 26)
 2 SYSTEMPATH\View\View.php(228): include('C:\\xampp\\htdocs\\codel4\\app\\Views\\form.php')
 3 SYSTEMPATH\View\View.php(231): CodeIgniter\View\View->CodeIgniter\View\{closure}()
 4 SYSTEMPATH\Common.php(1190): CodeIgniter\View\View->render('form', [], true)
 5 APPPATH\Controllers\Home.php(35): view('form', [...])
 6 SYSTEMPATH\CodeIgniter.php(942): App\Controllers\Home->form()
 7 SYSTEMPATH\CodeIgniter.php(502): CodeIgniter\CodeIgniter->runController(Object(App\Controllers\Home))
 8 SYSTEMPATH\CodeIgniter.php(361): CodeIgniter\CodeIgniter->handleRequest(null, Object(Config\Cache), false)
 9 FCPATH\index.php(79): CodeIgniter\CodeIgniter->run()
CRITICAL - 2023-10-26 00:43:54 --> Undefined variable $validador
in APPPATH\Views\form.php on line 26.
 1 APPPATH\Views\form.php(26): CodeIgniter\Debug\Exceptions->errorHandler(2, 'Undefined variable $validador', 'C:\\xampp\\htdocs\\codel4\\app\\Views\\form.php', 26)
 2 SYSTEMPATH\View\View.php(228): include('C:\\xampp\\htdocs\\codel4\\app\\Views\\form.php')
 3 SYSTEMPATH\View\View.php(231): CodeIgniter\View\View->CodeIgniter\View\{closure}()
 4 SYSTEMPATH\Common.php(1190): CodeIgniter\View\View->render('form', [], true)
 5 APPPATH\Controllers\Home.php(35): view('form', [...])
 6 SYSTEMPATH\CodeIgniter.php(942): App\Controllers\Home->form()
 7 SYSTEMPATH\CodeIgniter.php(502): CodeIgniter\CodeIgniter->runController(Object(App\Controllers\Home))
 8 SYSTEMPATH\CodeIgniter.php(361): CodeIgniter\CodeIgniter->handleRequest(null, Object(Config\Cache), false)
 9 FCPATH\index.php(79): CodeIgniter\CodeIgniter->run()
CRITICAL - 2023-10-26 00:44:14 --> Undefined variable $validador2
in APPPATH\Views\form.php on line 26.
 1 APPPATH\Views\form.php(26): CodeIgniter\Debug\Exceptions->errorHandler(2, 'Undefined variable $validador2', 'C:\\xampp\\htdocs\\codel4\\app\\Views\\form.php', 26)
 2 SYSTEMPATH\View\View.php(228): include('C:\\xampp\\htdocs\\codel4\\app\\Views\\form.php')
 3 SYSTEMPATH\View\View.php(231): CodeIgniter\View\View->CodeIgniter\View\{closure}()
 4 SYSTEMPATH\Common.php(1190): CodeIgniter\View\View->render('form', [], true)
 5 APPPATH\Controllers\Home.php(35): view('form', [...])
 6 SYSTEMPATH\CodeIgniter.php(942): App\Controllers\Home->form()
 7 SYSTEMPATH\CodeIgniter.php(502): CodeIgniter\CodeIgniter->runController(Object(App\Controllers\Home))
 8 SYSTEMPATH\CodeIgniter.php(361): CodeIgniter\CodeIgniter->handleRequest(null, Object(Config\Cache), false)
 9 FCPATH\index.php(79): CodeIgniter\CodeIgniter->run()
CRITICAL - 2023-10-26 00:44:15 --> Undefined variable $validador2
in APPPATH\Views\form.php on line 26.
 1 APPPATH\Views\form.php(26): CodeIgniter\Debug\Exceptions->errorHandler(2, 'Undefined variable $validador2', 'C:\\xampp\\htdocs\\codel4\\app\\Views\\form.php', 26)
 2 SYSTEMPATH\View\View.php(228): include('C:\\xampp\\htdocs\\codel4\\app\\Views\\form.php')
 3 SYSTEMPATH\View\View.php(231): CodeIgniter\View\View->CodeIgniter\View\{closure}()
 4 SYSTEMPATH\Common.php(1190): CodeIgniter\View\View->render('form', [], true)
 5 APPPATH\Controllers\Home.php(35): view('form', [...])
 6 SYSTEMPATH\CodeIgniter.php(942): App\Controllers\Home->form()
 7 SYSTEMPATH\CodeIgniter.php(502): CodeIgniter\CodeIgniter->runController(Object(App\Controllers\Home))
 8 SYSTEMPATH\CodeIgniter.php(361): CodeIgniter\CodeIgniter->handleRequest(null, Object(Config\Cache), false)
 9 FCPATH\index.php(79): CodeIgniter\CodeIgniter->run()
CRITICAL - 2023-10-26 00:44:15 --> Undefined variable $validador2
in APPPATH\Views\form.php on line 26.
 1 APPPATH\Views\form.php(26): CodeIgniter\Debug\Exceptions->errorHandler(2, 'Undefined variable $validador2', 'C:\\xampp\\htdocs\\codel4\\app\\Views\\form.php', 26)
 2 SYSTEMPATH\View\View.php(228): include('C:\\xampp\\htdocs\\codel4\\app\\Views\\form.php')
 3 SYSTEMPATH\View\View.php(231): CodeIgniter\View\View->CodeIgniter\View\{closure}()
 4 SYSTEMPATH\Common.php(1190): CodeIgniter\View\View->render('form', [], true)
 5 APPPATH\Controllers\Home.php(35): view('form', [...])
 6 SYSTEMPATH\CodeIgniter.php(942): App\Controllers\Home->form()
 7 SYSTEMPATH\CodeIgniter.php(502): CodeIgniter\CodeIgniter->runController(Object(App\Controllers\Home))
 8 SYSTEMPATH\CodeIgniter.php(361): CodeIgniter\CodeIgniter->handleRequest(null, Object(Config\Cache), false)
 9 FCPATH\index.php(79): CodeIgniter\CodeIgniter->run()
CRITICAL - 2023-10-26 00:44:15 --> Undefined variable $validador2
in APPPATH\Views\form.php on line 26.
 1 APPPATH\Views\form.php(26): CodeIgniter\Debug\Exceptions->errorHandler(2, 'Undefined variable $validador2', 'C:\\xampp\\htdocs\\codel4\\app\\Views\\form.php', 26)
 2 SYSTEMPATH\View\View.php(228): include('C:\\xampp\\htdocs\\codel4\\app\\Views\\form.php')
 3 SYSTEMPATH\View\View.php(231): CodeIgniter\View\View->CodeIgniter\View\{closure}()
 4 SYSTEMPATH\Common.php(1190): CodeIgniter\View\View->render('form', [], true)
 5 APPPATH\Controllers\Home.php(35): view('form', [...])
 6 SYSTEMPATH\CodeIgniter.php(942): App\Controllers\Home->form()
 7 SYSTEMPATH\CodeIgniter.php(502): CodeIgniter\CodeIgniter->runController(Object(App\Controllers\Home))
 8 SYSTEMPATH\CodeIgniter.php(361): CodeIgniter\CodeIgniter->handleRequest(null, Object(Config\Cache), false)
 9 FCPATH\index.php(79): CodeIgniter\CodeIgniter->run()
CRITICAL - 2023-10-26 00:45:30 --> Undefined variable $validador2
in APPPATH\Views\form.php on line 27.
 1 APPPATH\Views\form.php(27): CodeIgniter\Debug\Exceptions->errorHandler(2, 'Undefined variable $validador2', 'C:\\xampp\\htdocs\\codel4\\app\\Views\\form.php', 27)
 2 SYSTEMPATH\View\View.php(228): include('C:\\xampp\\htdocs\\codel4\\app\\Views\\form.php')
 3 SYSTEMPATH\View\View.php(231): CodeIgniter\View\View->CodeIgniter\View\{closure}()
 4 SYSTEMPATH\Common.php(1190): CodeIgniter\View\View->render('form', [], true)
 5 APPPATH\Controllers\Home.php(35): view('form', [...])
 6 SYSTEMPATH\CodeIgniter.php(942): App\Controllers\Home->form()
 7 SYSTEMPATH\CodeIgniter.php(502): CodeIgniter\CodeIgniter->runController(Object(App\Controllers\Home))
 8 SYSTEMPATH\CodeIgniter.php(361): CodeIgniter\CodeIgniter->handleRequest(null, Object(Config\Cache), false)
 9 FCPATH\index.php(79): CodeIgniter\CodeIgniter->run()
